<?xml version="1.0" encoding="UTF-8"?>
<!-- Generated by org.testng.reporters.JUnitReportReporter -->
<testsuite hostname="PsR-PC" name="com.ruchi.testSuite.Demo1" tests="1" failures="0" timestamp="3 Sep 2016 11:39:44 GMT" time="28.887" errors="0">
  <testcase name="launch" time="28.887" classname="com.ruchi.testSuite.Demo1"/>
</testsuite> <!-- com.ruchi.testSuite.Demo1 -->
